

Version:	3.50
CmdLine:	C:\Users\J.P.M\Desktop\7SGMDA\SGMDA1\SGMDA.exe --l4j-debug
JNI:		No
WOW64:		Yes
Working dir:	C:\Users\J.P.M\Desktop\7SGMDA\SGMDA1\.
Requires JDK:	No
Requires 64-Bit: No
Java min ver:	1.008.000_411
Java max ver:	
Substitute:	JAVA_HOME = 
Substitute:	PATH = C:\BPIsoft_V3\wxMCA\mds\lib\;C:\Program Files (x86)\Common Files\Oracle\Java\java8path;C:\Program Files (x86)\Common Files\Oracle\Java\javapath;C:\Windows\system32;C:\Windows;C:\PROGRAM FILES (X86)\EXEFILES;C:\USERS\J.P.M\DESKTOP\EXEFILES;C:\GENIE2K\EXEFILES;C:\Windows\System32\Wbem;C:\Windows\System32\WindowsPowerShell\v1.0\;C:\Windows\System32\OpenSSH\;C:\Program Files\Git\cmd;C:\Program Files\dotnet\;C:\BPIsoft_V3\Python37\;C:\BPIsoft_V3\Python37\Scripts\;C:\BPIsoft_V3\wxMCA\mds\lib\;C:\Users\J.P.M\AppData\Local\Programs\Python\Python37-32\Scripts\;C:\Users\J.P.M\AppData\Local\Programs\Python\Python37-32\;C:\Users\J.P.M\AppData\Local\Programs\Python\Launcher\;C:\Users\J.P.M\AppData\Local\Microsoft\WindowsApps;C:\Users\J.P.M\.dotnet\tools;C:\Program Files\Java\jdk-21\bin;;C:\Program Files\Java\jdk-21\bin
JRE paths:	;C:\BPIsoft_V3\wxMCA\mds\lib\;C:\Program Files (x86)\Common Files\Oracle\Java\java8path;C:\Program Files (x86)\Common Files\Oracle\Java\javapath;C:\Windows\system32;C:\Windows;C:\PROGRAM FILES (X86)\EXEFILES;C:\USERS\J.P.M\DESKTOP\EXEFILES;C:\GENIE2K\EXEFILES;C:\Windows\System32\Wbem;C:\Windows\System32\WindowsPowerShell\v1.0\;C:\Windows\System32\OpenSSH\;C:\Program Files\Git\cmd;C:\Program Files\dotnet\;C:\BPIsoft_V3\Python37\;C:\BPIsoft_V3\Python37\Scripts\;C:\BPIsoft_V3\wxMCA\mds\lib\;C:\Users\J.P.M\AppData\Local\Programs\Python\Python37-32\Scripts\;C:\Users\J.P.M\AppData\Local\Programs\Python\Python37-32\;C:\Users\J.P.M\AppData\Local\Programs\Python\Launcher\;C:\Users\J.P.M\AppData\Local\Microsoft\WindowsApps;C:\Users\J.P.M\.dotnet\tools;C:\Program Files\Java\jdk-21\bin;;C:\Program Files\Java\jdk-21\bin
Check launcher:	C:\BPIsoft_V3\wxMCA\mds\lib\bin\javaw.exe (not found)
Check launcher:	C:\Program Files (x86)\Common Files\Oracle\Java\java8path\bin\javaw.exe (not found)
Check launcher:	C:\Program Files (x86)\Common Files\Oracle\Java\javapath\bin\javaw.exe (not found)
Check launcher:	C:\Windows\system32\bin\javaw.exe (not found)
Check launcher:	C:\Windows\bin\javaw.exe (not found)
Check launcher:	C:\PROGRAM FILES (X86)\EXEFILES\bin\javaw.exe (not found)
Check launcher:	C:\USERS\J.P.M\DESKTOP\EXEFILES\bin\javaw.exe (not found)
Check launcher:	C:\GENIE2K\EXEFILES\bin\javaw.exe (not found)
Check launcher:	C:\Windows\System32\Wbem\bin\javaw.exe (not found)
Check launcher:	C:\Windows\System32\WindowsPowerShell\v1.0\bin\javaw.exe (not found)
Check launcher:	C:\Windows\System32\OpenSSH\bin\javaw.exe (not found)
Check launcher:	C:\Program Files\Git\cmd\bin\javaw.exe (not found)
Check launcher:	C:\Program Files\dotnet\bin\javaw.exe (not found)
Check launcher:	C:\BPIsoft_V3\Python37\bin\javaw.exe (not found)
Check launcher:	C:\BPIsoft_V3\Python37\Scripts\bin\javaw.exe (not found)
Check launcher:	C:\BPIsoft_V3\wxMCA\mds\lib\bin\javaw.exe (not found)
Check launcher:	C:\Users\J.P.M\AppData\Local\Programs\Python\Python37-32\Scripts\bin\javaw.exe (not found)
Check launcher:	C:\Users\J.P.M\AppData\Local\Programs\Python\Python37-32\bin\javaw.exe (not found)
Check launcher:	C:\Users\J.P.M\AppData\Local\Programs\Python\Launcher\bin\javaw.exe (not found)
Check launcher:	C:\Users\J.P.M\AppData\Local\Microsoft\WindowsApps\bin\javaw.exe (not found)
Check launcher:	C:\Users\J.P.M\.dotnet\tools\bin\javaw.exe (not found)
Check launcher:	C:\Program Files\Java\jdk-21\bin\javaw.exe (OK)
Version string: 1.021.000_004 / 64-Bit (OK)
Launcher:	C:\Program Files\Java\jdk-21\bin\javaw.exe
Launcher args:	--module-path libs\javafx-sdk-21.0.2\lib --add-modules javafx.controls,javafx.fxml,javafx.swing --add-exports javafx.graphics/com.sun.javafx.embed=ALL-UNNAMED --add-exports javafx.graphics/com.sun.javafx.scene=ALL-UNNAMED --add-exports javafx.graphics/com.sun.javafx.stage=ALL-UNNAMED --add-exports javafx.base/com.sun.javafx.logging=ALL-UNNAMED -jar "C:\Users\J.P.M\Desktop\7SGMDA\SGMDA1\SGMDA.exe"
Args length:	399/32768 chars
Exit code:	0
